# JRE version: 7.0_25-b17
# Java VM: Java HotSpot(TM) 64-Bit Server VM (23.25-b01 mixed mode windows-amd64 compressed oops)
Heap
 PSYoungGen      total 667456K, used 10818K [0x00000007d5f60000, 0x00000007ffe70000, 0x0000000800000000)
  eden space 649088K, 1% used [0x00000007d5f60000,0x00000007d69f0998,0x00000007fd940000)
  from space 18368K, 0% used [0x00000007fd940000,0x00000007fd940000,0x00000007feb30000)
  to   space 17344K, 0% used [0x00000007fed80000,0x00000007fed80000,0x00000007ffe70000)
 ParOldGen       total 1377664K, used 106231K [0x0000000781e00000, 0x00000007d5f60000, 0x00000007d5f60000)
  object space 1377664K, 7% used [0x0000000781e00000,0x00000007885bdd60,0x00000007d5f60000)
 PSPermGen       total 83968K, used 83967K [0x000000077cc00000, 0x0000000781e00000, 0x0000000781e00000)
  object space 83968K, 99% used [0x000000077cc00000,0x0000000781dfff58,0x0000000781e00000)
GC Heap History (10 events):
Event: 1082.595 GC heap before
{Heap before GC invocations=64 (full 25):
 PSYoungGen      total 665152K, used 160K [0x00000007d5f60000, 0x00000007ffe80000, 0x0000000800000000)
  eden space 644800K, 0% used [0x00000007d5f60000,0x00000007d5f60000,0x00000007fd510000)
  from space 20352K, 0% used [0x00000007fd510000,0x00000007fd538000,0x00000007fe8f0000)
  to   space 19328K, 0% used [0x00000007feba0000,0x00000007feba0000,0x00000007ffe80000)
 ParOldGen       total 1377664K, used 108862K [0x0000000781e00000, 0x00000007d5f60000, 0x00000007d5f60000)
  object space 1377664K, 7% used [0x0000000781e00000,0x000000078884fa28,0x00000007d5f60000)
 PSPermGen       total 83968K, used 83967K [0x000000077cc00000, 0x0000000781e00000, 0x0000000781e00000)
  object space 83968K, 99% used [0x000000077cc00000,0x0000000781dfff08,0x0000000781e00000)
Event: 1082.757 GC heap after
Heap after GC invocations=64 (full 25):
 PSYoungGen      total 665152K, used 0K [0x00000007d5f60000, 0x00000007ffe80000, 0x0000000800000000)
  eden space 644800K, 0% used [0x00000007d5f60000,0x00000007d5f60000,0x00000007fd510000)
  from space 20352K, 0% used [0x00000007fd510000,0x00000007fd510000,0x00000007fe8f0000)
  to   space 19328K, 0% used [0x00000007feba0000,0x00000007feba0000,0x00000007ffe80000)
 ParOldGen       total 1377664K, used 106297K [0x0000000781e00000, 0x00000007d5f60000, 0x00000007d5f60000)
  object space 1377664K, 7% used [0x0000000781e00000,0x00000007885ce730,0x00000007d5f60000)
 PSPermGen       total 83968K, used 83947K [0x000000077cc00000, 0x0000000781e00000, 0x0000000781e00000)
  object space 83968K, 99% used [0x000000077cc00000,0x0000000781dfadf0,0x0000000781e00000)
}
Event: 1082.758 GC heap before
{Heap before GC invocations=65 (full 25):
 PSYoungGen      total 665152K, used 371K [0x00000007d5f60000, 0x00000007ffe80000, 0x0000000800000000)
  eden space 644800K, 0% used [0x00000007d5f60000,0x00000007d5fbce88,0x00000007fd510000)
  from space 20352K, 0% used [0x00000007fd510000,0x00000007fd510000,0x00000007fe8f0000)
  to   space 19328K, 0% used [0x00000007feba0000,0x00000007feba0000,0x00000007ffe80000)
 ParOldGen       total 1377664K, used 106297K [0x0000000781e00000, 0x00000007d5f60000, 0x00000007d5f60000)
  object space 1377664K, 7% used [0x0000000781e00000,0x00000007885ce730,0x00000007d5f60000)
 PSPermGen       total 83968K, used 83967K [0x000000077cc00000, 0x0000000781e00000, 0x0000000781e00000)
  object space 83968K, 99% used [0x000000077cc00000,0x0000000781dfff58,0x0000000781e00000)
Event: 1082.763 GC heap after
Heap after GC invocations=65 (full 25):
 PSYoungGen      total 667008K, used 0K [0x00000007d5f60000, 0x00000007ffd20000, 0x0000000800000000)
  eden space 649088K, 0% used [0x00000007d5f60000,0x00000007d5f60000,0x00000007fd940000)
  from space 17920K, 0% used [0x00000007feba0000,0x00000007feba0000,0x00000007ffd20000)
  to   space 18368K, 0% used [0x00000007fd940000,0x00000007fd940000,0x00000007feb30000)
 ParOldGen       total 1377664K, used 106297K [0x0000000781e00000, 0x00000007d5f60000, 0x00000007d5f60000)
  object space 1377664K, 7% used [0x0000000781e00000,0x00000007885ce730,0x00000007d5f60000)
 PSPermGen       total 83968K, used 83967K [0x000000077cc00000, 0x0000000781e00000, 0x0000000781e00000)
  object space 83968K, 99% used [0x000000077cc00000,0x0000000781dfff58,0x0000000781e00000)
}
Event: 1082.763 GC heap before
{Heap before GC invocations=66 (full 26):
 PSYoungGen      total 667008K, used 0K [0x00000007d5f60000, 0x00000007ffd20000, 0x0000000800000000)
  eden space 649088K, 0% used [0x00000007d5f60000,0x00000007d5f60000,0x00000007fd940000)
  from space 17920K, 0% used [0x00000007feba0000,0x00000007feba0000,0x00000007ffd20000)
  to   space 18368K, 0% used [0x00000007fd940000,0x00000007fd940000,0x00000007feb30000)
 ParOldGen       total 1377664K, used 106297K [0x0000000781e00000, 0x00000007d5f60000, 0x00000007d5f60000)
  object space 1377664K, 7% used [0x0000000781e00000,0x00000007885ce730,0x00000007d5f60000)
 PSPermGen       total 83968K, used 83967K [0x000000077cc00000, 0x0000000781e00000, 0x0000000781e00000)
  object space 83968K, 99% used [0x000000077cc00000,0x0000000781dfff58,0x0000000781e00000)
Event: 1082.922 GC heap after
Heap after GC invocations=66 (full 26):
 PSYoungGen      total 667008K, used 0K [0x00000007d5f60000, 0x00000007ffd20000, 0x0000000800000000)
  eden space 649088K, 0% used [0x00000007d5f60000,0x00000007d5f60000,0x00000007fd940000)
  from space 17920K, 0% used [0x00000007feba0000,0x00000007feba0000,0x00000007ffd20000)
  to   space 18368K, 0% used [0x00000007fd940000,0x00000007fd940000,0x00000007feb30000)
 ParOldGen       total 1377664K, used 106268K [0x0000000781e00000, 0x00000007d5f60000, 0x00000007d5f60000)
  object space 1377664K, 7% used [0x0000000781e00000,0x00000007885c7108,0x00000007d5f60000)
 PSPermGen       total 83968K, used 83967K [0x000000077cc00000, 0x0000000781e00000, 0x0000000781e00000)
  object space 83968K, 99% used [0x000000077cc00000,0x0000000781dfff58,0x0000000781e00000)
}
Event: 1082.922 GC heap before
{Heap before GC invocations=67 (full 26):
 PSYoungGen      total 667008K, used 0K [0x00000007d5f60000, 0x00000007ffd20000, 0x0000000800000000)
  eden space 649088K, 0% used [0x00000007d5f60000,0x00000007d5f60000,0x00000007fd940000)
  from space 17920K, 0% used [0x00000007feba0000,0x00000007feba0000,0x00000007ffd20000)
  to   space 18368K, 0% used [0x00000007fd940000,0x00000007fd940000,0x00000007feb30000)
 ParOldGen       total 1377664K, used 106268K [0x0000000781e00000, 0x00000007d5f60000, 0x00000007d5f60000)
  object space 1377664K, 7% used [0x0000000781e00000,0x00000007885c7108,0x00000007d5f60000)
 PSPermGen       total 83968K, used 83967K [0x000000077cc00000, 0x0000000781e00000, 0x0000000781e00000)
  object space 83968K, 99% used [0x000000077cc00000,0x0000000781dfff58,0x0000000781e00000)
Event: 1082.926 GC heap after
Heap after GC invocations=67 (full 26):
 PSYoungGen      total 667456K, used 0K [0x00000007d5f60000, 0x00000007ffe70000, 0x0000000800000000)
  eden space 649088K, 0% used [0x00000007d5f60000,0x00000007d5f60000,0x00000007fd940000)
  from space 18368K, 0% used [0x00000007fd940000,0x00000007fd940000,0x00000007feb30000)
  to   space 17344K, 0% used [0x00000007fed80000,0x00000007fed80000,0x00000007ffe70000)
 ParOldGen       total 1377664K, used 106268K [0x0000000781e00000, 0x00000007d5f60000, 0x00000007d5f60000)
  object space 1377664K, 7% used [0x0000000781e00000,0x00000007885c7108,0x00000007d5f60000)
 PSPermGen       total 83968K, used 83967K [0x000000077cc00000, 0x0000000781e00000, 0x0000000781e00000)
  object space 83968K, 99% used [0x000000077cc00000,0x0000000781dfff58,0x0000000781e00000)
}
Event: 1082.926 GC heap before
{Heap before GC invocations=68 (full 27):
 PSYoungGen      total 667456K, used 0K [0x00000007d5f60000, 0x00000007ffe70000, 0x0000000800000000)
  eden space 649088K, 0% used [0x00000007d5f60000,0x00000007d5f60000,0x00000007fd940000)
  from space 18368K, 0% used [0x00000007fd940000,0x00000007fd940000,0x00000007feb30000)
  to   space 17344K, 0% used [0x00000007fed80000,0x00000007fed80000,0x00000007ffe70000)
 ParOldGen       total 1377664K, used 106268K [0x0000000781e00000, 0x00000007d5f60000, 0x00000007d5f60000)
  object space 1377664K, 7% used [0x0000000781e00000,0x00000007885c7108,0x00000007d5f60000)
 PSPermGen       total 83968K, used 83967K [0x000000077cc00000, 0x0000000781e00000, 0x0000000781e00000)
  object space 83968K, 99% used [0x000000077cc00000,0x0000000781dfff58,0x0000000781e00000)
Event: 1083.137 GC heap after
Heap after GC invocations=68 (full 27):
 PSYoungGen      total 667456K, used 0K [0x00000007d5f60000, 0x00000007ffe70000, 0x0000000800000000)
  eden space 649088K, 0% used [0x00000007d5f60000,0x00000007d5f60000,0x00000007fd940000)
  from space 18368K, 0% used [0x00000007fd940000,0x00000007fd940000,0x00000007feb30000)
  to   space 17344K, 0% used [0x00000007fed80000,0x00000007fed80000,0x00000007ffe70000)
 ParOldGen       total 1377664K, used 106231K [0x0000000781e00000, 0x00000007d5f60000, 0x00000007d5f60000)
  object space 1377664K, 7% used [0x0000000781e00000,0x00000007885bdd60,0x00000007d5f60000)
 PSPermGen       total 83968K, used 83967K [0x000000077cc00000, 0x0000000781e00000, 0x0000000781e00000)
  object space 83968K, 99% used [0x000000077cc00000,0x0000000781dfff58,0x0000000781e00000)
}

